[ 2019-03-20T10:38:45+08:00 ] 127.0.0.1 /
INFO: [ app_init ] --START--
INFO: Run Behavior\BuildLiteBehavior [ RunTime:0.000028s ]
INFO: [ app_init ] --END-- [ RunTime:0.001220s ]
INFO: [ app_begin ] --START--
INFO: Run Behavior\ReadHtmlCacheBehavior [ RunTime:0.001727s ]
INFO: [ app_begin ] --END-- [ RunTime:0.001803s ]
NOTIC: [8] Undefined index: keyword E:\A_Lance\public_html\Application\Home\Controller\IndexController.class.php 第 9 行.
NOTIC: [8] Undefined index: plan E:\A_Lance\public_html\Application\Home\Controller\IndexController.class.php 第 10 行.
NOTIC: [8] Undefined index: unit E:\A_Lance\public_html\Application\Home\Controller\IndexController.class.php 第 11 行.
SQL: SHOW COLUMNS FROM `info` [ RunTime:0.0387s ]
SQL: SELECT `phone` FROM `info` WHERE ( id = '1' ) LIMIT 1   [ RunTime:0.0385s ]
SQL: SELECT `code` FROM `info` WHERE ( id = '1' ) LIMIT 1   [ RunTime:0.0405s ]
INFO: [ view_parse ] --START--
INFO: [ template_filter ] --START--
INFO: Run Behavior\ContentReplaceBehavior [ RunTime:0.000414s ]
INFO: [ template_filter ] --END-- [ RunTime:0.000510s ]
NOTIC: [8] A session had already been started - ignoring session_start() E:\A_Lance\public_html\Application\Runtime\Cache\Home\2a94b8bda04ff446dcedd42276fc99ee.php 第 1 行.
NOTIC: [8] Undefined index: keyword E:\A_Lance\public_html\Application\Runtime\Cache\Home\2a94b8bda04ff446dcedd42276fc99ee.php 第 626 行.
NOTIC: [8] Undefined index: plan E:\A_Lance\public_html\Application\Runtime\Cache\Home\2a94b8bda04ff446dcedd42276fc99ee.php 第 627 行.
NOTIC: [8] Undefined index: unit E:\A_Lance\public_html\Application\Runtime\Cache\Home\2a94b8bda04ff446dcedd42276fc99ee.php 第 628 行.
INFO: Run Behavior\ParseTemplateBehavior [ RunTime:0.053670s ]
INFO: [ view_parse ] --END-- [ RunTime:0.053747s ]
INFO: [ view_filter ] --START--
INFO: Run Behavior\WriteHtmlCacheBehavior [ RunTime:0.001388s ]
INFO: [ view_filter ] --END-- [ RunTime:0.001451s ]
INFO: [ app_end ] --START--
INFO: Run Behavior\ShowPageTraceBehavior [ RunTime:0.001721s ]
INFO: [ app_end ] --END-- [ RunTime:0.001827s ]

[ 2019-03-20T10:38:57+08:00 ] 127.0.0.1 /add
INFO: [ app_init ] --START--
INFO: Run Behavior\BuildLiteBehavior [ RunTime:0.000012s ]
INFO: [ app_init ] --END-- [ RunTime:0.000380s ]
INFO: [ app_begin ] --START--
INFO: Run Behavior\ReadHtmlCacheBehavior [ RunTime:0.000637s ]
INFO: [ app_begin ] --END-- [ RunTime:0.000676s ]
NOTIC: [8] Undefined index: keyword E:\A_Lance\public_html\Application\Home\Controller\IndexController.class.php 第 9 行.
NOTIC: [8] Undefined index: plan E:\A_Lance\public_html\Application\Home\Controller\IndexController.class.php 第 10 行.
NOTIC: [8] Undefined index: unit E:\A_Lance\public_html\Application\Home\Controller\IndexController.class.php 第 11 行.
SQL: SHOW COLUMNS FROM `guestbook` [ RunTime:0.0386s ]

[ 2019-03-20T10:40:24+08:00 ] 127.0.0.1 /add
INFO: [ app_init ] --START--
INFO: Run Behavior\BuildLiteBehavior [ RunTime:0.000014s ]
INFO: [ app_init ] --END-- [ RunTime:0.000445s ]
INFO: [ app_begin ] --START--
INFO: Run Behavior\ReadHtmlCacheBehavior [ RunTime:0.000704s ]
INFO: [ app_begin ] --END-- [ RunTime:0.000751s ]
NOTIC: [8] Undefined index: keyword E:\A_Lance\public_html\Application\Home\Controller\IndexController.class.php 第 9 行.
NOTIC: [8] Undefined index: plan E:\A_Lance\public_html\Application\Home\Controller\IndexController.class.php 第 10 行.
NOTIC: [8] Undefined index: unit E:\A_Lance\public_html\Application\Home\Controller\IndexController.class.php 第 11 行.
SQL: SHOW COLUMNS FROM `guestbook` [ RunTime:0.0385s ]
SQL: SELECT * FROM `guestbook` WHERE ( name = '1' and phone = '1' ) LIMIT 1   [ RunTime:0.0399s ]
INFO: [ app_end ] --START--
INFO: Run Behavior\ShowPageTraceBehavior [ RunTime:0.000801s ]
INFO: [ app_end ] --END-- [ RunTime:0.000841s ]

[ 2019-03-20T10:42:27+08:00 ] 127.0.0.1 /add
INFO: [ app_init ] --START--
INFO: Run Behavior\BuildLiteBehavior [ RunTime:0.000013s ]
INFO: [ app_init ] --END-- [ RunTime:0.000563s ]
INFO: [ app_begin ] --START--
INFO: Run Behavior\ReadHtmlCacheBehavior [ RunTime:0.000710s ]
INFO: [ app_begin ] --END-- [ RunTime:0.000758s ]
NOTIC: [8] Undefined index: keyword E:\A_Lance\public_html\Application\Home\Controller\IndexController.class.php 第 9 行.
NOTIC: [8] Undefined index: plan E:\A_Lance\public_html\Application\Home\Controller\IndexController.class.php 第 10 行.
NOTIC: [8] Undefined index: unit E:\A_Lance\public_html\Application\Home\Controller\IndexController.class.php 第 11 行.
SQL: SHOW COLUMNS FROM `guestbook` [ RunTime:0.0399s ]
SQL: SELECT * FROM `guestbook` WHERE ( name = '1' and phone = '1' ) LIMIT 1   [ RunTime:0.0390s ]
INFO: [ app_end ] --START--
INFO: Run Behavior\ShowPageTraceBehavior [ RunTime:0.001047s ]
INFO: [ app_end ] --END-- [ RunTime:0.001100s ]

[ 2019-03-20T10:43:41+08:00 ] 127.0.0.1 /add
INFO: [ app_init ] --START--
INFO: Run Behavior\BuildLiteBehavior [ RunTime:0.000012s ]
INFO: [ app_init ] --END-- [ RunTime:0.000430s ]
INFO: [ app_begin ] --START--
INFO: Run Behavior\ReadHtmlCacheBehavior [ RunTime:0.000606s ]
INFO: [ app_begin ] --END-- [ RunTime:0.000642s ]
NOTIC: [8] Undefined index: keyword E:\A_Lance\public_html\Application\Home\Controller\IndexController.class.php 第 9 行.
NOTIC: [8] Undefined index: plan E:\A_Lance\public_html\Application\Home\Controller\IndexController.class.php 第 10 行.
NOTIC: [8] Undefined index: unit E:\A_Lance\public_html\Application\Home\Controller\IndexController.class.php 第 11 行.
SQL: SHOW COLUMNS FROM `guestbook` [ RunTime:0.0388s ]
SQL: SELECT * FROM `guestbook` WHERE ( name = '1' and phone = '1' ) LIMIT 1   [ RunTime:0.0387s ]
INFO: [ app_end ] --START--
INFO: Run Behavior\ShowPageTraceBehavior [ RunTime:0.001000s ]
INFO: [ app_end ] --END-- [ RunTime:0.001071s ]

[ 2019-03-20T10:47:30+08:00 ] 127.0.0.1 /add
INFO: [ app_init ] --START--
INFO: Run Behavior\BuildLiteBehavior [ RunTime:0.000010s ]
INFO: [ app_init ] --END-- [ RunTime:0.000391s ]
INFO: [ app_begin ] --START--
INFO: Run Behavior\ReadHtmlCacheBehavior [ RunTime:0.000548s ]
INFO: [ app_begin ] --END-- [ RunTime:0.000584s ]
NOTIC: [8] Undefined index: keyword E:\A_Lance\public_html\Application\Home\Controller\IndexController.class.php 第 9 行.
NOTIC: [8] Undefined index: plan E:\A_Lance\public_html\Application\Home\Controller\IndexController.class.php 第 10 行.
NOTIC: [8] Undefined index: unit E:\A_Lance\public_html\Application\Home\Controller\IndexController.class.php 第 11 行.
NOTIC: [8] Undefined variable: M E:\A_Lance\public_html\Application\Home\Controller\IndexController.class.php 第 169 行.

[ 2019-03-20T10:48:15+08:00 ] 127.0.0.1 /add
INFO: [ app_init ] --START--
INFO: Run Behavior\BuildLiteBehavior [ RunTime:0.000014s ]
INFO: [ app_init ] --END-- [ RunTime:0.000405s ]
INFO: [ app_begin ] --START--
INFO: Run Behavior\ReadHtmlCacheBehavior [ RunTime:0.000639s ]
INFO: [ app_begin ] --END-- [ RunTime:0.000683s ]
NOTIC: [8] Undefined index: keyword E:\A_Lance\public_html\Application\Home\Controller\IndexController.class.php 第 9 行.
NOTIC: [8] Undefined index: plan E:\A_Lance\public_html\Application\Home\Controller\IndexController.class.php 第 10 行.
NOTIC: [8] Undefined index: unit E:\A_Lance\public_html\Application\Home\Controller\IndexController.class.php 第 11 行.
SQL: SHOW COLUMNS FROM `guestbook` [ RunTime:0.0389s ]
SQL: SELECT * FROM `guestbook` WHERE ( name = '1' and phone = '1' ) LIMIT 1   [ RunTime:0.0374s ]
INFO: [ app_end ] --START--
INFO: Run Behavior\ShowPageTraceBehavior [ RunTime:0.000839s ]
INFO: [ app_end ] --END-- [ RunTime:0.000875s ]

[ 2019-03-20T10:53:03+08:00 ] 127.0.0.1 /add
INFO: [ app_init ] --START--
INFO: Run Behavior\BuildLiteBehavior [ RunTime:0.000012s ]
INFO: [ app_init ] --END-- [ RunTime:0.000438s ]
INFO: [ app_begin ] --START--
INFO: Run Behavior\ReadHtmlCacheBehavior [ RunTime:0.000744s ]
INFO: [ app_begin ] --END-- [ RunTime:0.000814s ]
NOTIC: [8] Undefined index: keyword E:\A_Lance\public_html\Application\Home\Controller\IndexController.class.php 第 9 行.
NOTIC: [8] Undefined index: plan E:\A_Lance\public_html\Application\Home\Controller\IndexController.class.php 第 10 行.
NOTIC: [8] Undefined index: unit E:\A_Lance\public_html\Application\Home\Controller\IndexController.class.php 第 11 行.
SQL: SHOW COLUMNS FROM `guestbook` [ RunTime:0.0400s ]
SQL: SELECT * FROM `guestbook` WHERE ( name = '1' ) LIMIT 1   [ RunTime:0.0390s ]
INFO: [ app_end ] --START--
INFO: Run Behavior\ShowPageTraceBehavior [ RunTime:0.000703s ]
INFO: [ app_end ] --END-- [ RunTime:0.000752s ]

[ 2019-03-20T10:54:04+08:00 ] 127.0.0.1 /add
INFO: [ app_init ] --START--
INFO: Run Behavior\BuildLiteBehavior [ RunTime:0.000013s ]
INFO: [ app_init ] --END-- [ RunTime:0.000463s ]
INFO: [ app_begin ] --START--
INFO: Run Behavior\ReadHtmlCacheBehavior [ RunTime:0.000738s ]
INFO: [ app_begin ] --END-- [ RunTime:0.000785s ]

[ 2019-03-20T10:54:39+08:00 ] 127.0.0.1 /add
INFO: [ app_init ] --START--
INFO: Run Behavior\BuildLiteBehavior [ RunTime:0.000013s ]
INFO: [ app_init ] --END-- [ RunTime:0.000417s ]
INFO: [ app_begin ] --START--
INFO: Run Behavior\ReadHtmlCacheBehavior [ RunTime:0.000617s ]
INFO: [ app_begin ] --END-- [ RunTime:0.000661s ]

[ 2019-03-20T10:55:30+08:00 ] 127.0.0.1 /
INFO: [ app_init ] --START--
INFO: Run Behavior\BuildLiteBehavior [ RunTime:0.000015s ]
INFO: [ app_init ] --END-- [ RunTime:0.000442s ]
INFO: [ app_begin ] --START--
INFO: Run Behavior\ReadHtmlCacheBehavior [ RunTime:0.000698s ]
INFO: [ app_begin ] --END-- [ RunTime:0.000763s ]

[ 2019-03-20T10:55:33+08:00 ] 127.0.0.1 /
INFO: [ app_init ] --START--
INFO: Run Behavior\BuildLiteBehavior [ RunTime:0.000012s ]
INFO: [ app_init ] --END-- [ RunTime:0.000362s ]
INFO: [ app_begin ] --START--
INFO: Run Behavior\ReadHtmlCacheBehavior [ RunTime:0.000585s ]
INFO: [ app_begin ] --END-- [ RunTime:0.000630s ]

[ 2019-03-20T10:56:24+08:00 ] 127.0.0.1 /
INFO: [ app_init ] --START--
INFO: Run Behavior\BuildLiteBehavior [ RunTime:0.000012s ]
INFO: [ app_init ] --END-- [ RunTime:0.000389s ]
INFO: [ app_begin ] --START--
INFO: Run Behavior\ReadHtmlCacheBehavior [ RunTime:0.000588s ]
INFO: [ app_begin ] --END-- [ RunTime:0.000626s ]

[ 2019-03-20T10:56:27+08:00 ] 127.0.0.1 /
INFO: [ app_init ] --START--
INFO: Run Behavior\BuildLiteBehavior [ RunTime:0.000013s ]
INFO: [ app_init ] --END-- [ RunTime:0.000349s ]
INFO: [ app_begin ] --START--
INFO: Run Behavior\ReadHtmlCacheBehavior [ RunTime:0.000448s ]
INFO: [ app_begin ] --END-- [ RunTime:0.000482s ]

[ 2019-03-20T10:56:28+08:00 ] 127.0.0.1 /
INFO: [ app_init ] --START--
INFO: Run Behavior\BuildLiteBehavior [ RunTime:0.000012s ]
INFO: [ app_init ] --END-- [ RunTime:0.000430s ]
INFO: [ app_begin ] --START--
INFO: Run Behavior\ReadHtmlCacheBehavior [ RunTime:0.000786s ]
INFO: [ app_begin ] --END-- [ RunTime:0.000833s ]

[ 2019-03-20T10:56:32+08:00 ] 127.0.0.1 /index.php
INFO: [ app_init ] --START--
INFO: Run Behavior\BuildLiteBehavior [ RunTime:0.000012s ]
INFO: [ app_init ] --END-- [ RunTime:0.000452s ]
INFO: [ app_begin ] --START--
INFO: Run Behavior\ReadHtmlCacheBehavior [ RunTime:0.000744s ]
INFO: [ app_begin ] --END-- [ RunTime:0.000784s ]

[ 2019-03-20T11:02:23+08:00 ] 127.0.0.1 /
INFO: [ app_init ] --START--
INFO: Run Behavior\BuildLiteBehavior [ RunTime:0.000012s ]
INFO: [ app_init ] --END-- [ RunTime:0.000406s ]
INFO: [ app_begin ] --START--
INFO: Run Behavior\ReadHtmlCacheBehavior [ RunTime:0.000726s ]
INFO: [ app_begin ] --END-- [ RunTime:0.000795s ]
NOTIC: [8] Undefined index: keyword E:\A_Lance\public_html\Application\Home\Controller\IndexController.class.php 第 9 行.
NOTIC: [8] Undefined index: plan E:\A_Lance\public_html\Application\Home\Controller\IndexController.class.php 第 10 行.
NOTIC: [8] Undefined index: unit E:\A_Lance\public_html\Application\Home\Controller\IndexController.class.php 第 11 行.
SQL: SHOW COLUMNS FROM `info` [ RunTime:0.0337s ]
SQL: SELECT `phone` FROM `info` WHERE ( id = '1' ) LIMIT 1   [ RunTime:0.0329s ]
SQL: SELECT `code` FROM `info` WHERE ( id = '1' ) LIMIT 1   [ RunTime:0.0329s ]
INFO: [ view_parse ] --START--
INFO: [ template_filter ] --START--
INFO: Run Behavior\ContentReplaceBehavior [ RunTime:0.000389s ]
INFO: [ template_filter ] --END-- [ RunTime:0.000467s ]
NOTIC: [8] A session had already been started - ignoring session_start() E:\A_Lance\public_html\Application\Runtime\Cache\Home\2a94b8bda04ff446dcedd42276fc99ee.php 第 1 行.
NOTIC: [8] Undefined index: keyword E:\A_Lance\public_html\Application\Runtime\Cache\Home\2a94b8bda04ff446dcedd42276fc99ee.php 第 626 行.
NOTIC: [8] Undefined index: plan E:\A_Lance\public_html\Application\Runtime\Cache\Home\2a94b8bda04ff446dcedd42276fc99ee.php 第 627 行.
NOTIC: [8] Undefined index: unit E:\A_Lance\public_html\Application\Runtime\Cache\Home\2a94b8bda04ff446dcedd42276fc99ee.php 第 628 行.
INFO: Run Behavior\ParseTemplateBehavior [ RunTime:0.014719s ]
INFO: [ view_parse ] --END-- [ RunTime:0.014801s ]
INFO: [ view_filter ] --START--
INFO: Run Behavior\WriteHtmlCacheBehavior [ RunTime:0.000678s ]
INFO: [ view_filter ] --END-- [ RunTime:0.000732s ]
INFO: [ app_end ] --START--
INFO: Run Behavior\ShowPageTraceBehavior [ RunTime:0.001292s ]
INFO: [ app_end ] --END-- [ RunTime:0.001379s ]

[ 2019-03-20T11:02:43+08:00 ] 127.0.0.1 /add
INFO: [ app_init ] --START--
INFO: Run Behavior\BuildLiteBehavior [ RunTime:0.000015s ]
INFO: [ app_init ] --END-- [ RunTime:0.000497s ]
INFO: [ app_begin ] --START--
INFO: Run Behavior\ReadHtmlCacheBehavior [ RunTime:0.000697s ]
INFO: [ app_begin ] --END-- [ RunTime:0.000743s ]
NOTIC: [8] Undefined index: keyword E:\A_Lance\public_html\Application\Home\Controller\IndexController.class.php 第 9 行.
NOTIC: [8] Undefined index: plan E:\A_Lance\public_html\Application\Home\Controller\IndexController.class.php 第 10 行.
NOTIC: [8] Undefined index: unit E:\A_Lance\public_html\Application\Home\Controller\IndexController.class.php 第 11 行.
SQL: SHOW COLUMNS FROM `guestbook` [ RunTime:0.0459s ]
SQL: SELECT * FROM `guestbook` WHERE `name` = 1 AND `phone` = 1  [ RunTime:0.0445s ]
INFO: [ app_end ] --START--
INFO: Run Behavior\ShowPageTraceBehavior [ RunTime:0.000872s ]
INFO: [ app_end ] --END-- [ RunTime:0.000934s ]

[ 2019-03-20T11:27:45+08:00 ] 127.0.0.1 /add
INFO: [ app_init ] --START--
INFO: Run Behavior\BuildLiteBehavior [ RunTime:0.000015s ]
INFO: [ app_init ] --END-- [ RunTime:0.000473s ]
INFO: [ app_begin ] --START--
INFO: Run Behavior\ReadHtmlCacheBehavior [ RunTime:0.000709s ]
INFO: [ app_begin ] --END-- [ RunTime:0.000760s ]
NOTIC: [8] Undefined index: keyword E:\A_Lance\public_html\Application\Home\Controller\IndexController.class.php 第 9 行.
NOTIC: [8] Undefined index: plan E:\A_Lance\public_html\Application\Home\Controller\IndexController.class.php 第 10 行.
NOTIC: [8] Undefined index: unit E:\A_Lance\public_html\Application\Home\Controller\IndexController.class.php 第 11 行.
SQL: SHOW COLUMNS FROM `guestbook` [ RunTime:0.0403s ]
SQL: SELECT * FROM `guestbook` WHERE `name` = '李艺' AND `phone` = '13866996033' LIMIT 1   [ RunTime:0.0394s ]
INFO: [ app_end ] --START--
INFO: Run Behavior\ShowPageTraceBehavior [ RunTime:0.000777s ]
INFO: [ app_end ] --END-- [ RunTime:0.000829s ]

[ 2019-03-20T11:40:01+08:00 ] 127.0.0.1 /add
INFO: [ app_init ] --START--
INFO: Run Behavior\BuildLiteBehavior [ RunTime:0.000012s ]
INFO: [ app_init ] --END-- [ RunTime:0.000435s ]
INFO: [ app_begin ] --START--
INFO: Run Behavior\ReadHtmlCacheBehavior [ RunTime:0.000905s ]
INFO: [ app_begin ] --END-- [ RunTime:0.000955s ]
NOTIC: [8] Undefined index: keyword E:\A_Lance\public_html\Application\Home\Controller\IndexController.class.php 第 9 行.
NOTIC: [8] Undefined index: plan E:\A_Lance\public_html\Application\Home\Controller\IndexController.class.php 第 10 行.
NOTIC: [8] Undefined index: unit E:\A_Lance\public_html\Application\Home\Controller\IndexController.class.php 第 11 行.
SQL: SHOW COLUMNS FROM `guestbook` [ RunTime:0.0415s ]
SQL: SELECT * FROM `guestbook` WHERE `name` = '李艺' AND `phone` = '13866996033' LIMIT 1   [ RunTime:0.0403s ]
NOTIC: [8] Use of undefined constant data - assumed 'data' E:\A_Lance\public_html\Application\Home\Controller\IndexController.class.php 第 173 行.
NOTIC: [4096] Object of class Think\Model could not be converted to string E:\A_Lance\public_html\Application\Home\Controller\IndexController.class.php 第 173 行.
INFO: [ app_end ] --START--
INFO: Run Behavior\ShowPageTraceBehavior [ RunTime:0.000761s ]
INFO: [ app_end ] --END-- [ RunTime:0.000798s ]

[ 2019-03-20T13:30:57+08:00 ] 127.0.0.1 /
INFO: [ app_init ] --START--
INFO: Run Behavior\BuildLiteBehavior [ RunTime:0.000026s ]
INFO: [ app_init ] --END-- [ RunTime:0.000388s ]
INFO: [ app_begin ] --START--
INFO: Run Behavior\ReadHtmlCacheBehavior [ RunTime:0.000624s ]
INFO: [ app_begin ] --END-- [ RunTime:0.000659s ]
NOTIC: [8] Undefined index: keyword E:\A_Lance\public_html\Application\Home\Controller\IndexController.class.php 第 9 行.
NOTIC: [8] Undefined index: plan E:\A_Lance\public_html\Application\Home\Controller\IndexController.class.php 第 10 行.
NOTIC: [8] Undefined index: unit E:\A_Lance\public_html\Application\Home\Controller\IndexController.class.php 第 11 行.
SQL: SHOW COLUMNS FROM `info` [ RunTime:0.0386s ]
SQL: SELECT `phone` FROM `info` WHERE ( id = '1' ) LIMIT 1   [ RunTime:0.0372s ]
SQL: SELECT `code` FROM `info` WHERE ( id = '1' ) LIMIT 1   [ RunTime:0.0372s ]
INFO: [ view_parse ] --START--
INFO: [ template_filter ] --START--
INFO: Run Behavior\ContentReplaceBehavior [ RunTime:0.000271s ]
INFO: [ template_filter ] --END-- [ RunTime:0.000331s ]
NOTIC: [8] A session had already been started - ignoring session_start() E:\A_Lance\public_html\Application\Runtime\Cache\Home\2a94b8bda04ff446dcedd42276fc99ee.php 第 1 行.
NOTIC: [8] Undefined index: keyword E:\A_Lance\public_html\Application\Runtime\Cache\Home\2a94b8bda04ff446dcedd42276fc99ee.php 第 626 行.
NOTIC: [8] Undefined index: plan E:\A_Lance\public_html\Application\Runtime\Cache\Home\2a94b8bda04ff446dcedd42276fc99ee.php 第 627 行.
NOTIC: [8] Undefined index: unit E:\A_Lance\public_html\Application\Runtime\Cache\Home\2a94b8bda04ff446dcedd42276fc99ee.php 第 628 行.
INFO: Run Behavior\ParseTemplateBehavior [ RunTime:0.011365s ]
INFO: [ view_parse ] --END-- [ RunTime:0.011410s ]
INFO: [ view_filter ] --START--
INFO: Run Behavior\WriteHtmlCacheBehavior [ RunTime:0.000432s ]
INFO: [ view_filter ] --END-- [ RunTime:0.000458s ]
INFO: [ app_end ] --START--
INFO: Run Behavior\ShowPageTraceBehavior [ RunTime:0.000814s ]
INFO: [ app_end ] --END-- [ RunTime:0.000871s ]

[ 2019-03-20T13:31:08+08:00 ] 127.0.0.1 /add
INFO: [ app_init ] --START--
INFO: Run Behavior\BuildLiteBehavior [ RunTime:0.000013s ]
INFO: [ app_init ] --END-- [ RunTime:0.000449s ]
INFO: [ app_begin ] --START--
INFO: Run Behavior\ReadHtmlCacheBehavior [ RunTime:0.000704s ]
INFO: [ app_begin ] --END-- [ RunTime:0.000756s ]
NOTIC: [8] Undefined index: keyword E:\A_Lance\public_html\Application\Home\Controller\IndexController.class.php 第 9 行.
NOTIC: [8] Undefined index: plan E:\A_Lance\public_html\Application\Home\Controller\IndexController.class.php 第 10 行.
NOTIC: [8] Undefined index: unit E:\A_Lance\public_html\Application\Home\Controller\IndexController.class.php 第 11 行.
SQL: SHOW COLUMNS FROM `guestbook` [ RunTime:0.0436s ]
SQL: SELECT * FROM `guestbook` WHERE `name` = '测试' AND `phone` = '13866996033' LIMIT 1   [ RunTime:0.0436s ]
INFO: [ app_end ] --START--
INFO: Run Behavior\ShowPageTraceBehavior [ RunTime:0.000809s ]
INFO: [ app_end ] --END-- [ RunTime:0.000848s ]

[ 2019-03-20T13:35:11+08:00 ] 127.0.0.1 /
INFO: [ app_init ] --START--
INFO: Run Behavior\BuildLiteBehavior [ RunTime:0.000012s ]
INFO: [ app_init ] --END-- [ RunTime:0.000372s ]
INFO: [ app_begin ] --START--
INFO: Run Behavior\ReadHtmlCacheBehavior [ RunTime:0.001230s ]
INFO: [ app_begin ] --END-- [ RunTime:0.001348s ]
NOTIC: [8] Undefined index: keyword E:\A_Lance\public_html\Application\Home\Controller\IndexController.class.php 第 9 行.
NOTIC: [8] Undefined index: plan E:\A_Lance\public_html\Application\Home\Controller\IndexController.class.php 第 10 行.
NOTIC: [8] Undefined index: unit E:\A_Lance\public_html\Application\Home\Controller\IndexController.class.php 第 11 行.
SQL: SHOW COLUMNS FROM `info` [ RunTime:0.0393s ]
SQL: SELECT `phone` FROM `info` WHERE ( id = '1' ) LIMIT 1   [ RunTime:0.0380s ]
SQL: SELECT `code` FROM `info` WHERE ( id = '1' ) LIMIT 1   [ RunTime:0.0380s ]
INFO: [ view_parse ] --START--
INFO: [ template_filter ] --START--
INFO: Run Behavior\ContentReplaceBehavior [ RunTime:0.000461s ]
INFO: [ template_filter ] --END-- [ RunTime:0.000584s ]
NOTIC: [8] A session had already been started - ignoring session_start() E:\A_Lance\public_html\Application\Runtime\Cache\Home\2a94b8bda04ff446dcedd42276fc99ee.php 第 1 行.
NOTIC: [8] Undefined index: keyword E:\A_Lance\public_html\Application\Runtime\Cache\Home\2a94b8bda04ff446dcedd42276fc99ee.php 第 626 行.
NOTIC: [8] Undefined index: plan E:\A_Lance\public_html\Application\Runtime\Cache\Home\2a94b8bda04ff446dcedd42276fc99ee.php 第 627 行.
NOTIC: [8] Undefined index: unit E:\A_Lance\public_html\Application\Runtime\Cache\Home\2a94b8bda04ff446dcedd42276fc99ee.php 第 628 行.
INFO: Run Behavior\ParseTemplateBehavior [ RunTime:0.017142s ]
INFO: [ view_parse ] --END-- [ RunTime:0.017227s ]
INFO: [ view_filter ] --START--
INFO: Run Behavior\WriteHtmlCacheBehavior [ RunTime:0.000667s ]
INFO: [ view_filter ] --END-- [ RunTime:0.000723s ]
INFO: [ app_end ] --START--
INFO: Run Behavior\ShowPageTraceBehavior [ RunTime:0.001278s ]
INFO: [ app_end ] --END-- [ RunTime:0.001365s ]

[ 2019-03-20T13:35:18+08:00 ] 127.0.0.1 /add
INFO: [ app_init ] --START--
INFO: Run Behavior\BuildLiteBehavior [ RunTime:0.000015s ]
INFO: [ app_init ] --END-- [ RunTime:0.000549s ]
INFO: [ app_begin ] --START--
INFO: Run Behavior\ReadHtmlCacheBehavior [ RunTime:0.000661s ]
INFO: [ app_begin ] --END-- [ RunTime:0.000702s ]
NOTIC: [8] Undefined index: keyword E:\A_Lance\public_html\Application\Home\Controller\IndexController.class.php 第 9 行.
NOTIC: [8] Undefined index: plan E:\A_Lance\public_html\Application\Home\Controller\IndexController.class.php 第 10 行.
NOTIC: [8] Undefined index: unit E:\A_Lance\public_html\Application\Home\Controller\IndexController.class.php 第 11 行.
SQL: SHOW COLUMNS FROM `guestbook` [ RunTime:0.0395s ]
SQL: SELECT * FROM `guestbook` WHERE `name` = '测试' AND `phone` = '13866996033' LIMIT 1   [ RunTime:0.0388s ]
INFO: [ app_end ] --START--
INFO: Run Behavior\ShowPageTraceBehavior [ RunTime:0.000807s ]
INFO: [ app_end ] --END-- [ RunTime:0.000856s ]

[ 2019-03-20T13:35:30+08:00 ] 127.0.0.1 /add
INFO: [ app_init ] --START--
INFO: Run Behavior\BuildLiteBehavior [ RunTime:0.000014s ]
INFO: [ app_init ] --END-- [ RunTime:0.000425s ]
INFO: [ app_begin ] --START--
INFO: Run Behavior\ReadHtmlCacheBehavior [ RunTime:0.000568s ]
INFO: [ app_begin ] --END-- [ RunTime:0.000615s ]
NOTIC: [8] Undefined index: keyword E:\A_Lance\public_html\Application\Home\Controller\IndexController.class.php 第 9 行.
NOTIC: [8] Undefined index: plan E:\A_Lance\public_html\Application\Home\Controller\IndexController.class.php 第 10 行.
NOTIC: [8] Undefined index: unit E:\A_Lance\public_html\Application\Home\Controller\IndexController.class.php 第 11 行.
SQL: SHOW COLUMNS FROM `guestbook` [ RunTime:0.0386s ]
SQL: SELECT * FROM `guestbook` WHERE `name` = '测试' AND `phone` = '13866996033' LIMIT 1   [ RunTime:0.0378s ]
INFO: [ app_end ] --START--
INFO: Run Behavior\ShowPageTraceBehavior [ RunTime:0.000842s ]
INFO: [ app_end ] --END-- [ RunTime:0.000896s ]

[ 2019-03-20T13:37:30+08:00 ] 127.0.0.1 /add
INFO: [ app_init ] --START--
INFO: Run Behavior\BuildLiteBehavior [ RunTime:0.000013s ]
INFO: [ app_init ] --END-- [ RunTime:0.000462s ]
INFO: [ app_begin ] --START--
INFO: Run Behavior\ReadHtmlCacheBehavior [ RunTime:0.000806s ]
INFO: [ app_begin ] --END-- [ RunTime:0.000847s ]
NOTIC: [8] Undefined index: keyword E:\A_Lance\public_html\Application\Home\Controller\IndexController.class.php 第 9 行.
NOTIC: [8] Undefined index: plan E:\A_Lance\public_html\Application\Home\Controller\IndexController.class.php 第 10 行.
NOTIC: [8] Undefined index: unit E:\A_Lance\public_html\Application\Home\Controller\IndexController.class.php 第 11 行.
SQL: SHOW COLUMNS FROM `guestbook` [ RunTime:0.0398s ]
SQL: SELECT * FROM `guestbook` WHERE `name` = '测试' AND `phone` = '13866996033' LIMIT 1   [ RunTime:0.0394s ]

[ 2019-03-20T14:03:59+08:00 ] 127.0.0.1 /add
INFO: [ app_init ] --START--
INFO: Run Behavior\BuildLiteBehavior [ RunTime:0.000012s ]
INFO: [ app_init ] --END-- [ RunTime:0.000395s ]
INFO: [ app_begin ] --START--
INFO: Run Behavior\ReadHtmlCacheBehavior [ RunTime:0.000648s ]
INFO: [ app_begin ] --END-- [ RunTime:0.000693s ]
NOTIC: [8] Undefined index: keyword E:\A_Lance\public_html\Application\Home\Controller\IndexController.class.php 第 9 行.
NOTIC: [8] Undefined index: plan E:\A_Lance\public_html\Application\Home\Controller\IndexController.class.php 第 10 行.
NOTIC: [8] Undefined index: unit E:\A_Lance\public_html\Application\Home\Controller\IndexController.class.php 第 11 行.
SQL: SHOW COLUMNS FROM `guestbook` [ RunTime:0.0351s ]
SQL: SELECT * FROM `guestbook` WHERE `name` = '测试' AND `phone` = '13866996033' LIMIT 1   [ RunTime:0.0342s ]
INFO: [ app_end ] --START--
INFO: Run Behavior\ShowPageTraceBehavior [ RunTime:0.000808s ]
INFO: [ app_end ] --END-- [ RunTime:0.000867s ]

[ 2019-03-20T14:10:51+08:00 ] 127.0.0.1 /add
INFO: [ app_init ] --START--
INFO: Run Behavior\BuildLiteBehavior [ RunTime:0.000011s ]
INFO: [ app_init ] --END-- [ RunTime:0.000368s ]
INFO: [ app_begin ] --START--
INFO: Run Behavior\ReadHtmlCacheBehavior [ RunTime:0.000764s ]
INFO: [ app_begin ] --END-- [ RunTime:0.000817s ]
NOTIC: [8] Undefined index: keyword E:\A_Lance\public_html\Application\Home\Controller\IndexController.class.php 第 9 行.
NOTIC: [8] Undefined index: plan E:\A_Lance\public_html\Application\Home\Controller\IndexController.class.php 第 10 行.
NOTIC: [8] Undefined index: unit E:\A_Lance\public_html\Application\Home\Controller\IndexController.class.php 第 11 行.
SQL: SHOW COLUMNS FROM `guestbook` [ RunTime:0.0399s ]
SQL: SELECT * FROM `guestbook` WHERE `name` = '测试' AND `phone` = '13866996033' LIMIT 1   [ RunTime:0.0392s ]
NOTIC: [4096] Object of class Think\Model could not be converted to string E:\A_Lance\public_html\Application\Home\Controller\IndexController.class.php 第 174 行.
INFO: [ app_end ] --START--
INFO: Run Behavior\ShowPageTraceBehavior [ RunTime:0.001304s ]
INFO: [ app_end ] --END-- [ RunTime:0.001370s ]

[ 2019-03-20T14:10:56+08:00 ] 127.0.0.1 /add
INFO: [ app_init ] --START--
INFO: Run Behavior\BuildLiteBehavior [ RunTime:0.000013s ]
INFO: [ app_init ] --END-- [ RunTime:0.000373s ]
INFO: [ app_begin ] --START--
INFO: Run Behavior\ReadHtmlCacheBehavior [ RunTime:0.000524s ]
INFO: [ app_begin ] --END-- [ RunTime:0.000569s ]
NOTIC: [8] Undefined index: keyword E:\A_Lance\public_html\Application\Home\Controller\IndexController.class.php 第 9 行.
NOTIC: [8] Undefined index: plan E:\A_Lance\public_html\Application\Home\Controller\IndexController.class.php 第 10 行.
NOTIC: [8] Undefined index: unit E:\A_Lance\public_html\Application\Home\Controller\IndexController.class.php 第 11 行.
SQL: SHOW COLUMNS FROM `guestbook` [ RunTime:0.0454s ]
SQL: SELECT * FROM `guestbook` WHERE `name` = '测试' AND `phone` = '13866996033' LIMIT 1   [ RunTime:0.0449s ]
NOTIC: [4096] Object of class Think\Model could not be converted to string E:\A_Lance\public_html\Application\Home\Controller\IndexController.class.php 第 174 行.
INFO: [ app_end ] --START--
INFO: Run Behavior\ShowPageTraceBehavior [ RunTime:0.001074s ]
INFO: [ app_end ] --END-- [ RunTime:0.001136s ]

[ 2019-03-20T14:12:50+08:00 ] 127.0.0.1 /add
INFO: [ app_init ] --START--
INFO: Run Behavior\BuildLiteBehavior [ RunTime:0.000014s ]
INFO: [ app_init ] --END-- [ RunTime:0.000541s ]
INFO: [ app_begin ] --START--
INFO: Run Behavior\ReadHtmlCacheBehavior [ RunTime:0.000806s ]
INFO: [ app_begin ] --END-- [ RunTime:0.000860s ]
NOTIC: [8] Undefined index: keyword E:\A_Lance\public_html\Application\Home\Controller\IndexController.class.php 第 9 行.
NOTIC: [8] Undefined index: plan E:\A_Lance\public_html\Application\Home\Controller\IndexController.class.php 第 10 行.
NOTIC: [8] Undefined index: unit E:\A_Lance\public_html\Application\Home\Controller\IndexController.class.php 第 11 行.
SQL: SHOW COLUMNS FROM `guestbook` [ RunTime:0.0400s ]
SQL: SELECT * FROM `guestbook` WHERE `name` = '测试' AND `phone` = '13866996033' LIMIT 1   [ RunTime:0.0400s ]
INFO: [ app_end ] --START--
INFO: Run Behavior\ShowPageTraceBehavior [ RunTime:0.001520s ]
INFO: [ app_end ] --END-- [ RunTime:0.001611s ]

[ 2019-03-20T14:19:22+08:00 ] 127.0.0.1 /add
INFO: [ app_init ] --START--
INFO: Run Behavior\BuildLiteBehavior [ RunTime:0.000014s ]
INFO: [ app_init ] --END-- [ RunTime:0.000491s ]
INFO: [ app_begin ] --START--
INFO: Run Behavior\ReadHtmlCacheBehavior [ RunTime:0.000817s ]
INFO: [ app_begin ] --END-- [ RunTime:0.000877s ]
NOTIC: [8] Undefined index: keyword E:\A_Lance\public_html\Application\Home\Controller\IndexController.class.php 第 9 行.
NOTIC: [8] Undefined index: plan E:\A_Lance\public_html\Application\Home\Controller\IndexController.class.php 第 10 行.
NOTIC: [8] Undefined index: unit E:\A_Lance\public_html\Application\Home\Controller\IndexController.class.php 第 11 行.
SQL: SHOW COLUMNS FROM `guestbook` [ RunTime:0.0328s ]
SQL: SELECT * FROM `guestbook` WHERE `name` = '测试' AND `phone` = '13866996033' LIMIT 1   [ RunTime:0.0329s ]
ERR: 1146:Table 'kouzhao_vip4.gustbook' doesn't exist
 [ SQL语句 ] : SHOW COLUMNS FROM `gustbook`
ERR: 1146:Table 'kouzhao_vip4.gustbook' doesn't exist
 [ SQL语句 ] : SHOW COLUMNS FROM `gustbook`

[ 2019-03-20T14:19:42+08:00 ] 127.0.0.1 /add
INFO: [ app_init ] --START--
INFO: Run Behavior\BuildLiteBehavior [ RunTime:0.000012s ]
INFO: [ app_init ] --END-- [ RunTime:0.000387s ]
INFO: [ app_begin ] --START--
INFO: Run Behavior\ReadHtmlCacheBehavior [ RunTime:0.000616s ]
INFO: [ app_begin ] --END-- [ RunTime:0.000652s ]
NOTIC: [8] Undefined index: keyword E:\A_Lance\public_html\Application\Home\Controller\IndexController.class.php 第 9 行.
NOTIC: [8] Undefined index: plan E:\A_Lance\public_html\Application\Home\Controller\IndexController.class.php 第 10 行.
NOTIC: [8] Undefined index: unit E:\A_Lance\public_html\Application\Home\Controller\IndexController.class.php 第 11 行.
SQL: SHOW COLUMNS FROM `guestbook` [ RunTime:0.0449s ]
SQL: SELECT * FROM `guestbook` WHERE `name` = '测试' AND `phone` = '13866996033' LIMIT 1   [ RunTime:0.0436s ]
ERR: 1146:Table 'kouzhao_vip4.gustbook' doesn't exist
 [ SQL语句 ] : SHOW COLUMNS FROM `gustbook`
ERR: 1146:Table 'kouzhao_vip4.gustbook' doesn't exist
 [ SQL语句 ] : SHOW COLUMNS FROM `gustbook`

[ 2019-03-20T14:24:45+08:00 ] 127.0.0.1 /add
INFO: [ app_init ] --START--
INFO: Run Behavior\BuildLiteBehavior [ RunTime:0.000015s ]
INFO: [ app_init ] --END-- [ RunTime:0.000517s ]
INFO: [ app_begin ] --START--
INFO: Run Behavior\ReadHtmlCacheBehavior [ RunTime:0.000770s ]
INFO: [ app_begin ] --END-- [ RunTime:0.000819s ]
NOTIC: [8] Undefined index: keyword E:\A_Lance\public_html\Application\Home\Controller\IndexController.class.php 第 9 行.
NOTIC: [8] Undefined index: plan E:\A_Lance\public_html\Application\Home\Controller\IndexController.class.php 第 10 行.
NOTIC: [8] Undefined index: unit E:\A_Lance\public_html\Application\Home\Controller\IndexController.class.php 第 11 行.
SQL: SHOW COLUMNS FROM `guestbook` [ RunTime:0.0466s ]
SQL: SELECT * FROM `guestbook` WHERE `name` = '测试' AND `phone` = '13866996033' LIMIT 1   [ RunTime:0.0459s ]

[ 2019-03-20T14:25:20+08:00 ] 127.0.0.1 /add
INFO: [ app_init ] --START--
INFO: Run Behavior\BuildLiteBehavior [ RunTime:0.000014s ]
INFO: [ app_init ] --END-- [ RunTime:0.000467s ]
INFO: [ app_begin ] --START--
INFO: Run Behavior\ReadHtmlCacheBehavior [ RunTime:0.000647s ]
INFO: [ app_begin ] --END-- [ RunTime:0.000689s ]
NOTIC: [8] Undefined index: keyword E:\A_Lance\public_html\Application\Home\Controller\IndexController.class.php 第 9 行.
NOTIC: [8] Undefined index: plan E:\A_Lance\public_html\Application\Home\Controller\IndexController.class.php 第 10 行.
NOTIC: [8] Undefined index: unit E:\A_Lance\public_html\Application\Home\Controller\IndexController.class.php 第 11 行.
SQL: SHOW COLUMNS FROM `guestbook` [ RunTime:0.0387s ]
SQL: SELECT * FROM `guestbook` WHERE `name` = '测试' AND `phone` = '13866996033' LIMIT 1   [ RunTime:0.0382s ]
ERR: 1146:Table 'kouzhao_vip4.gustbook' doesn't exist
 [ SQL语句 ] : SHOW COLUMNS FROM `gustbook`
ERR: 1146:Table 'kouzhao_vip4.gustbook' doesn't exist
 [ SQL语句 ] : SHOW COLUMNS FROM `gustbook`

[ 2019-03-20T14:35:53+08:00 ] 127.0.0.1 /add
INFO: [ app_init ] --START--
INFO: Run Behavior\BuildLiteBehavior [ RunTime:0.000012s ]
INFO: [ app_init ] --END-- [ RunTime:0.000424s ]
INFO: [ app_begin ] --START--
INFO: Run Behavior\ReadHtmlCacheBehavior [ RunTime:0.000830s ]
INFO: [ app_begin ] --END-- [ RunTime:0.000886s ]
NOTIC: [8] Undefined index: keyword E:\A_Lance\public_html\Application\Home\Controller\IndexController.class.php 第 9 行.
NOTIC: [8] Undefined index: plan E:\A_Lance\public_html\Application\Home\Controller\IndexController.class.php 第 10 行.
NOTIC: [8] Undefined index: unit E:\A_Lance\public_html\Application\Home\Controller\IndexController.class.php 第 11 行.
SQL: SHOW COLUMNS FROM `guestbook` [ RunTime:0.0399s ]
SQL: SELECT * FROM `guestbook` WHERE `name` = '测试' AND `phone` = '13866996033' LIMIT 1   [ RunTime:0.0388s ]
ERR: 1146:Table 'kouzhao_vip4.gustbook' doesn't exist
 [ SQL语句 ] : SHOW COLUMNS FROM `gustbook`
ERR: 1146:Table 'kouzhao_vip4.gustbook' doesn't exist
 [ SQL语句 ] : SHOW COLUMNS FROM `gustbook`

[ 2019-03-20T14:37:57+08:00 ] 127.0.0.1 /add
INFO: [ app_init ] --START--
INFO: Run Behavior\BuildLiteBehavior [ RunTime:0.000043s ]
INFO: [ app_init ] --END-- [ RunTime:0.000577s ]
INFO: [ app_begin ] --START--
INFO: Run Behavior\ReadHtmlCacheBehavior [ RunTime:0.000576s ]
INFO: [ app_begin ] --END-- [ RunTime:0.000613s ]
NOTIC: [8] Undefined index: keyword E:\A_Lance\public_html\Application\Home\Controller\IndexController.class.php 第 9 行.
NOTIC: [8] Undefined index: plan E:\A_Lance\public_html\Application\Home\Controller\IndexController.class.php 第 10 行.
NOTIC: [8] Undefined index: unit E:\A_Lance\public_html\Application\Home\Controller\IndexController.class.php 第 11 行.
SQL: SHOW COLUMNS FROM `guestbook` [ RunTime:0.0451s ]
SQL: SELECT * FROM `guestbook` WHERE `name` = '测试' AND `phone` = '13866996033' LIMIT 1   [ RunTime:0.0441s ]
INFO: [ app_end ] --START--
INFO: Run Behavior\ShowPageTraceBehavior [ RunTime:0.001256s ]
INFO: [ app_end ] --END-- [ RunTime:0.001323s ]

[ 2019-03-20T14:38:26+08:00 ] 127.0.0.1 /add
INFO: [ app_init ] --START--
INFO: Run Behavior\BuildLiteBehavior [ RunTime:0.000012s ]
INFO: [ app_init ] --END-- [ RunTime:0.000388s ]
INFO: [ app_begin ] --START--
INFO: Run Behavior\ReadHtmlCacheBehavior [ RunTime:0.000625s ]
INFO: [ app_begin ] --END-- [ RunTime:0.000674s ]
NOTIC: [8] Undefined index: keyword E:\A_Lance\public_html\Application\Home\Controller\IndexController.class.php 第 9 行.
NOTIC: [8] Undefined index: plan E:\A_Lance\public_html\Application\Home\Controller\IndexController.class.php 第 10 行.
NOTIC: [8] Undefined index: unit E:\A_Lance\public_html\Application\Home\Controller\IndexController.class.php 第 11 行.
SQL: SHOW COLUMNS FROM `guestbook` [ RunTime:0.0449s ]
SQL: SELECT * FROM `guestbook` WHERE `name` = '李艺' AND `phone` = '13866996033' LIMIT 1   [ RunTime:0.0445s ]
INFO: [ app_end ] --START--
INFO: Run Behavior\ShowPageTraceBehavior [ RunTime:0.001036s ]
INFO: [ app_end ] --END-- [ RunTime:0.001088s ]

[ 2019-03-20T14:43:20+08:00 ] 127.0.0.1 /add
INFO: [ app_init ] --START--
INFO: Run Behavior\BuildLiteBehavior [ RunTime:0.000011s ]
INFO: [ app_init ] --END-- [ RunTime:0.000479s ]
INFO: [ app_begin ] --START--
INFO: Run Behavior\ReadHtmlCacheBehavior [ RunTime:0.000576s ]
INFO: [ app_begin ] --END-- [ RunTime:0.000613s ]
NOTIC: [8] Undefined index: keyword E:\A_Lance\public_html\Application\Home\Controller\IndexController.class.php 第 9 行.
NOTIC: [8] Undefined index: plan E:\A_Lance\public_html\Application\Home\Controller\IndexController.class.php 第 10 行.
NOTIC: [8] Undefined index: unit E:\A_Lance\public_html\Application\Home\Controller\IndexController.class.php 第 11 行.
SQL: SHOW COLUMNS FROM `guestbook` [ RunTime:0.0402s ]
SQL: SELECT * FROM `guestbook` WHERE `name` = '李艺' AND `phone` = '13866996033' LIMIT 1   [ RunTime:0.0396s ]
INFO: [ app_end ] --START--
INFO: Run Behavior\ShowPageTraceBehavior [ RunTime:0.001258s ]
INFO: [ app_end ] --END-- [ RunTime:0.001324s ]

[ 2019-03-20T14:43:33+08:00 ] 127.0.0.1 /add
INFO: [ app_init ] --START--
INFO: Run Behavior\BuildLiteBehavior [ RunTime:0.000012s ]
INFO: [ app_init ] --END-- [ RunTime:0.000496s ]
INFO: [ app_begin ] --START--
INFO: Run Behavior\ReadHtmlCacheBehavior [ RunTime:0.000693s ]
INFO: [ app_begin ] --END-- [ RunTime:0.000743s ]
NOTIC: [8] Undefined index: keyword E:\A_Lance\public_html\Application\Home\Controller\IndexController.class.php 第 9 行.
NOTIC: [8] Undefined index: plan E:\A_Lance\public_html\Application\Home\Controller\IndexController.class.php 第 10 行.
NOTIC: [8] Undefined index: unit E:\A_Lance\public_html\Application\Home\Controller\IndexController.class.php 第 11 行.
SQL: SHOW COLUMNS FROM `guestbook` [ RunTime:0.0342s ]
SQL: SELECT * FROM `guestbook` WHERE `name` = '测试' AND `phone` = '13866996033' LIMIT 1   [ RunTime:0.0334s ]
SQL: INSERT INTO `guestbook` (`name`,`phone`,`address`,`content`,`is_read`,`diqu`,`create_time`) VALUES ('测试','13866996033','','','0','plan=&unit=&keyword=','1553064213') [ RunTime:0.0334s ]
INFO: [ app_end ] --START--
INFO: Run Behavior\ShowPageTraceBehavior [ RunTime:0.000690s ]
INFO: [ app_end ] --END-- [ RunTime:0.000738s ]

[ 2019-03-20T14:43:37+08:00 ] 127.0.0.1 /add
INFO: [ app_init ] --START--
INFO: Run Behavior\BuildLiteBehavior [ RunTime:0.000013s ]
INFO: [ app_init ] --END-- [ RunTime:0.000401s ]
INFO: [ app_begin ] --START--
INFO: Run Behavior\ReadHtmlCacheBehavior [ RunTime:0.000537s ]
INFO: [ app_begin ] --END-- [ RunTime:0.000580s ]
NOTIC: [8] Undefined index: keyword E:\A_Lance\public_html\Application\Home\Controller\IndexController.class.php 第 9 行.
NOTIC: [8] Undefined index: plan E:\A_Lance\public_html\Application\Home\Controller\IndexController.class.php 第 10 行.
NOTIC: [8] Undefined index: unit E:\A_Lance\public_html\Application\Home\Controller\IndexController.class.php 第 11 行.
INFO: [ app_end ] --START--
INFO: Run Behavior\ShowPageTraceBehavior [ RunTime:0.000562s ]
INFO: [ app_end ] --END-- [ RunTime:0.000603s ]

[ 2019-03-20T14:43:39+08:00 ] 127.0.0.1 /add
INFO: [ app_init ] --START--
INFO: Run Behavior\BuildLiteBehavior [ RunTime:0.000013s ]
INFO: [ app_init ] --END-- [ RunTime:0.000413s ]
INFO: [ app_begin ] --START--
INFO: Run Behavior\ReadHtmlCacheBehavior [ RunTime:0.000669s ]
INFO: [ app_begin ] --END-- [ RunTime:0.000723s ]
NOTIC: [8] Undefined index: keyword E:\A_Lance\public_html\Application\Home\Controller\IndexController.class.php 第 9 行.
NOTIC: [8] Undefined index: plan E:\A_Lance\public_html\Application\Home\Controller\IndexController.class.php 第 10 行.
NOTIC: [8] Undefined index: unit E:\A_Lance\public_html\Application\Home\Controller\IndexController.class.php 第 11 行.
INFO: [ app_end ] --START--
INFO: Run Behavior\ShowPageTraceBehavior [ RunTime:0.000487s ]
INFO: [ app_end ] --END-- [ RunTime:0.000524s ]

